<?xml version="1.0" encoding="UTF-8"?>
<!-- Generated by org.testng.reporters.JUnitReportReporter -->
<testsuite hostname="Unni" failures="0" tests="3" name="test.AddCategoryTest" time="59.646" errors="0" timestamp="12 Dec 2022 01:28:38 GMT" skipped="0">
  <testcase classname="test.AddCategoryTest" name="validUsershouldAbleToAddCategory" time="22.686"/>
  <testcase classname="test.AddCategoryTest" name="validUsershouldnotAbleToAddCategory" time="18.441"/>
  <testcase classname="test.AddCategoryTest" name="validateMpnthDropDown" time="18.519"/>
</testsuite> <!-- test.AddCategoryTest -->
